1633685901837	geckodriver	INFO	Listening on 127.0.0.1:51312
1633685904924	mozrunner::runner	INFO	Running command: "C:\\Program Files\\Mozilla Firefox\\firefox.exe" "--marionette" "-headless" "-no-remote" "-profile" "C:\\Users\\ANASAD~1\\AppData\\Local\\Temp\\rust_mozprofiledCnzOE"
*** You are running in headless mode.
1633685905275	Marionette	INFO	Marionette enabled
[GFX1-]: RenderCompositorSWGL failed mapping default framebuffer, no dt
console.warn: SearchSettings: "get: No settings file exists, new profile?" (new NotFoundError("Could not open the file at C:\\Users\\Anas Adarsh\\AppData\\Local\\Temp\\rust_mozprofiledCnzOE\\search.json.mozlz4", (void 0)))
1633685906146	Marionette	INFO	Listening on port 51320
1633685906501	RemoteAgent	WARN	TLS certificate errors will be ignored for this session
1633685933199	Marionette	INFO	Stopped listening on port 51320
JavaScript error: resource:///modules/Interactions.jsm, line 201: NS_ERROR_FAILURE: Component returned failure code: 0x80004005 (NS_ERROR_FAILURE) [nsIUserIdleService.removeIdleObserver]
1633685941687	geckodriver	INFO	Listening on 127.0.0.1:51394
1633685944772	mozrunner::runner	INFO	Running command: "C:\\Program Files\\Mozilla Firefox\\firefox.exe" "--marionette" "-headless" "-no-remote" "-profile" "C:\\Users\\ANASAD~1\\AppData\\Local\\Temp\\rust_mozprofileGFCB3i"
*** You are running in headless mode.
1633685945098	Marionette	INFO	Marionette enabled
[GFX1-]: RenderCompositorSWGL failed mapping default framebuffer, no dt
console.warn: SearchSettings: "get: No settings file exists, new profile?" (new NotFoundError("Could not open the file at C:\\Users\\Anas Adarsh\\AppData\\Local\\Temp\\rust_mozprofileGFCB3i\\search.json.mozlz4", (void 0)))
1633685945940	Marionette	INFO	Listening on port 51402
1633685946320	RemoteAgent	WARN	TLS certificate errors will be ignored for this session
Exiting due to channel error.
Listening on 127.0.0.1:55459
1633685978074	mozrunner::runner	INFO	Running command: "C:\\Program Files\\Mozilla Firefox\\firefox.exe" "--marionette" "-headless" "-no-remote" "-profile" "C:\\Users\\ANASAD~1\\AppData\\Local\\Temp\\rust_mozprofiledqRJew"
*** You are running in headless mode.
1633685978387	Marionette	INFO	Marionette enabled
[GFX1-]: RenderCompositorSWGL failed mapping default framebuffer, no dt
console.warn: SearchSettings: "get: No settings file exists, new profile?" (new NotFoundError("Could not open the file at C:\\Users\\Anas Adarsh\\AppData\\Local\\Temp\\rust_mozprofiledqRJew\\search.json.mozlz4", (void 0)))
1633685979256	Marionette	INFO	Listening on port 55469
1633685979641	RemoteAgent	WARN	TLS certificate errors will be ignored for this session

###!!! [Parent][MessageChannel] Error: (msgtype=0x390148,name=PContent::Msg_AsyncMessage) Channel error: cannot send/recv

A content process crashed and MOZ_CRASHREPORTER_SHUTDOWN is set, shutting down
1633686058726	Marionette	INFO	Stopped listening on port 55469
JavaScript error: resource:///modules/Interactions.jsm, line 201: NS_ERROR_FAILURE: Component returned failure code: 0x80004005 (NS_ERROR_FAILURE) [nsIUserIdleService.removeIdleObserver]
[Parent 6524, IPC I/O Parent] WARNING: file /builds/worker/checkouts/gecko/ipc/chromium/src/base/process_util_win.cc:167

###!!! [Parent][RunMessage] Error: Channel closing: too late to send/recv, messages will be lost

Marionette	INFO	Listening on port 55542
1633686017712	RemoteAgent	WARN	TLS certificate errors will be ignored for this session
A content process crashed and MOZ_CRASHREPORTER_SHUTDOWN is set, shutting down
1633686051052	Marionette	INFO	Stopped listening on port 55542
[Parent 17476, IPC I/O Parent] WARNING: file /builds/worker/checkouts/gecko/ipc/chromium/src/base/process_util_win.cc:167
JavaScript error: resource:///modules/Interactions.jsm, line 201: NS_ERROR_FAILURE: Component returned failure code: 0x80004005 (NS_ERROR_FAILURE) [nsIUserIdleService.removeIdleObserver]
1633686087791	geckodriver	INFO	Listening on 127.0.0.1:55611
1633686090873	mozrunner::runner	INFO	Running command: "C:\\Program Files\\Mozilla Firefox\\firefox.exe" "--marionette" "-headless" "-no-remote" "-profile" "C:\\Users\\ANASAD~1\\AppData\\Local\\Temp\\rust_mozprofile8YB45l"
*** You are running in headless mode.
1633686091189	Marionette	INFO	Marionette enabled
[GFX1-]: RenderCompositorSWGL failed mapping default framebuffer, no dt
console.warn: SearchSettings: "get: No settings file exists, new profile?" (new NotFoundError("Could not open the file at C:\\Users\\Anas Adarsh\\AppData\\Local\\Temp\\rust_mozprofile8YB45l\\search.json.mozlz4", (void 0)))
1633686092007	Marionette	INFO	Listening on port 55619
1633686092446	RemoteAgent	WARN	TLS certificate errors will be ignored for this session
Exiting due to channel error.
Listening on 127.0.0.1:55667
1633686142952	mozrunner::runner	INFO	Running command: "C:\\Program Files\\Mozilla Firefox\\firefox.exe" "--marionette" "-no-remote" "-profile" "C:\\Users\\ANASAD~1\\AppData\\Local\\Temp\\rust_mozprofileU9C3U7"
1633686143291	Marionette	INFO	Marionette enabled
console.warn: SearchSettings: "get: No settings file exists, new profile?" (new NotFoundError("Could not open the file at C:\\Users\\Anas Adarsh\\AppData\\Local\\Temp\\rust_mozprofileU9C3U7\\search.json.mozlz4", (void 0)))
1633686145239	Marionette	INFO	Listening on port 55697
1633686145636	RemoteAgent	WARN	TLS certificate errors will be ignored for this session
1633686173762	Marionette	INFO	Stopped listening on port 55697
JavaScript error: resource:///modules/Interactions.jsm, line 201: NS_ERROR_FAILURE: Component returned failure code: 0x80004005 (NS_ERROR_FAILURE) [nsIUserIdleService.removeIdleObserver]
1633686269648	geckodriver	INFO	Listening on 127.0.0.1:52094
1633686272742	mozrunner::runner	INFO	Running command: "C:\\Program Files\\Mozilla Firefox\\firefox.exe" "--marionette" "-no-remote" "-profile" "C:\\Users\\ANASAD~1\\AppData\\Local\\Temp\\rust_mozprofileWEtZTS"
1633686273108	Marionette	INFO	Marionette enabled
console.warn: SearchSettings: "get: No settings file exists, new profile?" (new NotFoundError("Could not open the file at C:\\Users\\Anas Adarsh\\AppData\\Local\\Temp\\rust_mozprofileWEtZTS\\search.json.mozlz4", (void 0)))
1633686274989	Marionette	INFO	Listening on port 52102
1633686275395	RemoteAgent	WARN	TLS certificate errors will be ignored for this session
1633686276694	Marionette	INFO	Stopped listening on port 52102
JavaScript error: resource:///modules/Interactions.jsm, line 201: NS_ERROR_FAILURE: Component returned failure code: 0x80004005 (NS_ERROR_FAILURE) [nsIUserIdleService.removeIdleObserver]
console.warn: TopSitesFeed: Failed to fetch data from Contile server: NetworkError when attempting to fetch resource.
JavaScript error: chrome://remote/content/marionette/cert.js, line 55: NS_ERROR_NOT_AVAILABLE: Component returned failure code: 0x80040111 (NS_ERROR_NOT_AVAILABLE) [nsICertOverrideService.setDisableAllSecurityChecksAndLetAttackersInterceptMyData]
[Parent 8996, IPC I/O Parent] WARNING: file /builds/worker/checkouts/gecko/ipc/chromium/src/base/process_util_win.cc:167
1633686313635	geckodriver	INFO	Listening on 127.0.0.1:52140
1633686316710	mozrunner::runner	INFO	Running command: "C:\\Program Files\\Mozilla Firefox\\firefox.exe" "--marionette" "-no-remote" "-profile" "C:\\Users\\ANASAD~1\\AppData\\Local\\Temp\\rust_mozprofilezbmbBz"
1633686317043	Marionette	INFO	Marionette enabled
console.warn: SearchSettings: "get: No settings file exists, new profile?" (new NotFoundError("Could not open the file at C:\\Users\\Anas Adarsh\\AppData\\Local\\Temp\\rust_mozprofilezbmbBz\\search.json.mozlz4", (void 0)))
1633686319159	Marionette	INFO	Listening on port 64039
1633686319381	RemoteAgent	WARN	TLS certificate errors will be ignored for this session
1633686330993	Marionette	INFO	Stopped listening on port 64039
JavaScript error: resource:///modules/Interactions.jsm, line 201: NS_ERROR_FAILURE: Component returned failure code: 0x80004005 (NS_ERROR_FAILURE) [nsIUserIdleService.removeIdleObserver]
console.warn: TopSitesFeed: Failed to fetch data from Contile server: NetworkError when attempting to fetch resource.
JavaScript error: chrome://remote/content/marionette/cert.js, line 55: NS_ERROR_NOT_AVAILABLE: Component returned failure code: 0x80040111 (NS_ERROR_NOT_AVAILABLE) [nsICertOverrideService.setDisableAllSecurityChecksAndLetAttackersInterceptMyData]

###!!! [Parent][RunMessage] Error: Channel closing: too late to send/recv, messages will be lost

1633686373750	geckodriver	INFO	Listening on 127.0.0.1:60257
1633686376827	mozrunner::runner	INFO	Running command: "C:\\Program Files\\Mozilla Firefox\\firefox.exe" "--marionette" "-no-remote" "-profile" "C:\\Users\\ANASAD~1\\AppData\\Local\\Temp\\rust_mozprofileMGHECz"
1633686377178	Marionette	INFO	Marionette enabled
console.warn: SearchSettings: "get: No settings file exists, new profile?" (new NotFoundError("Could not open the file at C:\\Users\\Anas Adarsh\\AppData\\Local\\Temp\\rust_mozprofileMGHECz\\search.json.mozlz4", (void 0)))
1633686379097	Marionette	INFO	Listening on port 60265
1633686379507	RemoteAgent	WARN	TLS certificate errors will be ignored for this session
1633686465092	Marionette	INFO	Stopped listening on port 60265
JavaScript error: resource:///modules/Interactions.jsm, line 201: NS_ERROR_FAILURE: Component returned failure code: 0x80004005 (NS_ERROR_FAILURE) [nsIUserIdleService.removeIdleObserver]
console.warn: TopSitesFeed: Failed to fetch data from Contile server: NetworkError when attempting to fetch resource.

###!!! [Parent][RunMessage] Error: Channel closing: too late to send/recv, messages will be lost

1633686468090	geckodriver	INFO	Listening on 127.0.0.1:60461
1633686471173	mozrunner::runner	INFO	Running command: "C:\\Program Files\\Mozilla Firefox\\firefox.exe" "--marionette" "-no-remote" "-profile" "C:\\Users\\ANASAD~1\\AppData\\Local\\Temp\\rust_mozprofileniSWG9"
1633686471520	Marionette	INFO	Marionette enabled
console.warn: SearchSettings: "get: No settings file exists, new profile?" (new NotFoundError("Could not open the file at C:\\Users\\Anas Adarsh\\AppData\\Local\\Temp\\rust_mozprofileniSWG9\\search.json.mozlz4", (void 0)))
1633686473381	Marionette	INFO	Listening on port 60469
1633686473859	RemoteAgent	WARN	TLS certificate errors will be ignored for this session
1633686474844	Marionette	WARN	Ignoring event 'DOMContentLoaded' because document has an invalid readyState of 'complete'.
IPDL protocol error: Handler returned error code!

###!!! [Parent][DispatchAsyncMessage] Error: PClientManager::Msg_ExpectFutureClientSource Processing error: message was deserialized, but the handler returned false (indicating failure)

IPDL protocol error: Handler returned error code!

###!!! [Parent][DispatchAsyncMessage] Error: PClientManager::Msg_ForgetFutureClientSource Processing error: message was deserialized, but the handler returned false (indicating failure)

console.error: "Error while calling actor 'pagestyle's method 'getApplied'" "node is null"
console.error: (new TypeError("node is null", "resource://devtools/server/actors/page-style.js", 570))
console.error: (new TypeError("parent is null", "resource://devtools/client/inspector/shared/style-change-tracker.js", 67))
TypeError: parent is null: canMutationImpactCurrentStyles@resource://devtools/client/inspector/shared/style-change-tracker.js:67:24
onMutations@resource://devtools/client/inspector/shared/style-change-tracker.js:84:41
_emit@resource://devtools/shared/event-emitter.js:244:34
emit@resource://devtools/shared/event-emitter.js:190:18
emit@resource://devtools/shared/event-emitter.js:342:18
getMutations@resource://devtools/client/fronts/walker.js:311:10

console.error: (new TypeError("nodeFront.walkerFront is null", "resource://devtools/client/inspector/markup/markup.js", 951))
TypeError: nodeFront.walkerFront is null: _onNewSelection@resource://devtools/client/inspector/markup/markup.js:951:7
_emit@resource://devtools/shared/event-emitter.js:244:34
emit@resource://devtools/shared/event-emitter.js:190:18
emit@resource://devtools/shared/event-emitter.js:342:18
setNodeFront@resource://devtools/client/framework/selection.js:161:10
onDetached@resource://devtools/client/inspector/inspector.js:1650:20
_emit@resource://devtools/shared/event-emitter.js:244:34
emit@resource://devtools/shared/event-emitter.js:190:18
emit@resource://devtools/shared/event-emitter.js:342:18
_onMutations@resource://devtools/client/framework/selection.js:104:12
_emit@resource://devtools/shared/event-emitter.js:244:34
emit@resource://devtools/shared/event-emitter.js:190:18
emit@resource://devtools/shared/event-emitter.js:342:18
getMutations@resource://devtools/client/fronts/walker.js:311:10

console.error: (new Error("Can not send request 'getAllSelectors' because front 'domnode' is already destroyed.", "resource://devtools/shared/protocol/Front/FrontClassWithSpec.js", 28))
Error: Can not send request 'getAllSelectors' because front 'domnode' is already destroyed.: generateRequestMethods/</frontProto[name]@resource://devtools/shared/protocol/Front/FrontClassWithSpec.js:28:15
updateSelectionCssSelectors@resource://devtools/client/inspector/inspector.js:1451:32
onNewSelection@resource://devtools/client/inspector/inspector.js:1522:10
_emit@resource://devtools/shared/event-emitter.js:244:34
emit@resource://devtools/shared/event-emitter.js:190:18
emit@resource://devtools/shared/event-emitter.js:342:18
setNodeFront@resource://devtools/client/framework/selection.js:161:10
onDetached@resource://devtools/client/inspector/inspector.js:1650:20
_emit@resource://devtools/shared/event-emitter.js:244:34
emit@resource://devtools/shared/event-emitter.js:190:18
emit@resource://devtools/shared/event-emitter.js:342:18
_onMutations@resource://devtools/client/framework/selection.js:104:12
_emit@resource://devtools/shared/event-emitter.js:244:34
emit@resource://devtools/shared/event-emitter.js:190:18
emit@resource://devtools/shared/event-emitter.js:342:18
getMutations@resource://devtools/client/fronts/walker.js:311:10

console.error: (new TypeError("container.node.targetFront is null", "resource://devtools/client/inspector/markup/markup.js", 2309))
console.error: (new Error("Protocol error (TypeError): node is null from: server0.conn0.windowGlobal2147483651/pagestyle29 (resource://devtools/server/actors/page-style.js:570:5)", "resource://devtools/shared/protocol/Front.js", 365))
console.error: (new TypeError("parent is null", "resource://devtools/client/inspector/shared/style-change-tracker.js", 67))
TypeError: parent is null: canMutationImpactCurrentStyles@resource://devtools/client/inspector/shared/style-change-tracker.js:67:24
onMutations@resource://devtools/client/inspector/shared/style-change-tracker.js:84:41
_emit@resource://devtools/shared/event-emitter.js:244:34
emit@resource://devtools/shared/event-emitter.js:190:18
emit@resource://devtools/shared/event-emitter.js:342:18
getMutations@resource://devtools/client/fronts/walker.js:311:10

console.error: (new TypeError("parent is null", "resource://devtools/client/inspector/shared/style-change-tracker.js", 67))
TypeError: parent is null: canMutationImpactCurrentStyles@resource://devtools/client/inspector/shared/style-change-tracker.js:67:24
onMutations@resource://devtools/client/inspector/shared/style-change-tracker.js:84:41
_emit@resource://devtools/shared/event-emitter.js:244:34
emit@resource://devtools/shared/event-emitter.js:190:18
emit@resource://devtools/shared/event-emitter.js:342:18
getMutations@resource://devtools/client/fronts/walker.js:311:10

console.error: (new TypeError("container.node.targetFront is null", "resource://devtools/client/inspector/markup/markup.js", 2309))
console.error: (new TypeError("container.node.targetFront is null", "resource://devtools/client/inspector/markup/markup.js", 2309))
console.error: (new TypeError("container.node.targetFront is null", "resource://devtools/client/inspector/markup/markup.js", 2309))
console.error: (new TypeError("container.node.targetFront is null", "resource://devtools/client/inspector/markup/markup.js", 2309))
console.error: (new TypeError("parent is null", "resource://devtools/client/inspector/shared/style-change-tracker.js", 67))
TypeError: parent is null: canMutationImpactCurrentStyles@resource://devtools/client/inspector/shared/style-change-tracker.js:67:24
onMutations@resource://devtools/client/inspector/shared/style-change-tracker.js:84:41
_emit@resource://devtools/shared/event-emitter.js:244:34
emit@resource://devtools/shared/event-emitter.js:190:18
emit@resource://devtools/shared/event-emitter.js:342:18
getMutations@resource://devtools/client/fronts/walker.js:311:10

console.error: (new TypeError("nodeFront.walkerFront is null", "resource://devtools/client/inspector/markup/markup.js", 951))
TypeError: nodeFront.walkerFront is null: _onNewSelection@resource://devtools/client/inspector/markup/markup.js:951:7
_emit@resource://devtools/shared/event-emitter.js:244:34
emit@resource://devtools/shared/event-emitter.js:190:18
emit@resource://devtools/shared/event-emitter.js:342:18
setNodeFront@resource://devtools/client/framework/selection.js:161:10
onDetached@resource://devtools/client/inspector/inspector.js:1650:20
_emit@resource://devtools/shared/event-emitter.js:244:34
emit@resource://devtools/shared/event-emitter.js:190:18
emit@resource://devtools/shared/event-emitter.js:342:18
_onMutations@resource://devtools/client/framework/selection.js:104:12
_emit@resource://devtools/shared/event-emitter.js:244:34
emit@resource://devtools/shared/event-emitter.js:190:18
emit@resource://devtools/shared/event-emitter.js:342:18
getMutations@resource://devtools/client/fronts/walker.js:311:10

console.error: (new Error("Can not send request 'getAllSelectors' because front 'domnode' is already destroyed.", "resource://devtools/shared/protocol/Front/FrontClassWithSpec.js", 28))
Error: Can not send request 'getAllSelectors' because front 'domnode' is already destroyed.: generateRequestMethods/</frontProto[name]@resource://devtools/shared/protocol/Front/FrontClassWithSpec.js:28:15
updateSelectionCssSelectors@resource://devtools/client/inspector/inspector.js:1451:32
onNewSelection@resource://devtools/client/inspector/inspector.js:1522:10
_emit@resource://devtools/shared/event-emitter.js:244:34
emit@resource://devtools/shared/event-emitter.js:190:18
emit@resource://devtools/shared/event-emitter.js:342:18
setNodeFront@resource://devtools/client/framework/selection.js:161:10
onDetached@resource://devtools/client/inspector/inspector.js:1650:20
_emit@resource://devtools/shared/event-emitter.js:244:34
emit@resource://devtools/shared/event-emitter.js:190:18
emit@resource://devtools/shared/event-emitter.js:342:18
_onMutations@resource://devtools/client/framework/selection.js:104:12
_emit@resource://devtools/shared/event-emitter.js:244:34
emit@resource://devtools/shared/event-emitter.js:190:18
emit@resource://devtools/shared/event-emitter.js:342:18
getMutations@resource://devtools/client/fronts/walker.js:311:10

console.error: (new TypeError("container.node.targetFront is null", "resource://devtools/client/inspector/markup/markup.js", 2309))
console.error: (new TypeError("parent is null", "resource://devtools/client/inspector/shared/style-change-tracker.js", 67))
TypeError: parent is null: canMutationImpactCurrentStyles@resource://devtools/client/inspector/shared/style-change-tracker.js:67:24
onMutations@resource://devtools/client/inspector/shared/style-change-tracker.js:84:41
_emit@resource://devtools/shared/event-emitter.js:244:34
emit@resource://devtools/shared/event-emitter.js:190:18
emit@resource://devtools/shared/event-emitter.js:342:18
getMutations@resource://devtools/client/fronts/walker.js:311:10

console.error: "Error while calling actor 'pagestyle's method 'getApplied'" "node is null"
console.error: (new TypeError("node is null", "resource://devtools/server/actors/page-style.js", 570))
console.error: (new TypeError("parent is null", "resource://devtools/client/inspector/shared/style-change-tracker.js", 67))
TypeError: parent is null: canMutationImpactCurrentStyles@resource://devtools/client/inspector/shared/style-change-tracker.js:67:24
onMutations@resource://devtools/client/inspector/shared/style-change-tracker.js:84:41
_emit@resource://devtools/shared/event-emitter.js:244:34
emit@resource://devtools/shared/event-emitter.js:190:18
emit@resource://devtools/shared/event-emitter.js:342:18
getMutations@resource://devtools/client/fronts/walker.js:311:10

console.error: (new TypeError("nodeFront.walkerFront is null", "resource://devtools/client/inspector/markup/markup.js", 951))
TypeError: nodeFront.walkerFront is null: _onNewSelection@resource://devtools/client/inspector/markup/markup.js:951:7
_emit@resource://devtools/shared/event-emitter.js:244:34
emit@resource://devtools/shared/event-emitter.js:190:18
emit@resource://devtools/shared/event-emitter.js:342:18
setNodeFront@resource://devtools/client/framework/selection.js:161:10
onDetached@resource://devtools/client/inspector/inspector.js:1650:20
_emit@resource://devtools/shared/event-emitter.js:244:34
emit@resource://devtools/shared/event-emitter.js:190:18
emit@resource://devtools/shared/event-emitter.js:342:18
_onMutations@resource://devtools/client/framework/selection.js:104:12
_emit@resource://devtools/shared/event-emitter.js:244:34
emit@resource://devtools/shared/event-emitter.js:190:18
emit@resource://devtools/shared/event-emitter.js:342:18
getMutations@resource://devtools/client/fronts/walker.js:311:10

console.error: (new Error("Can not send request 'getAllSelectors' because front 'domnode' is already destroyed.", "resource://devtools/shared/protocol/Front/FrontClassWithSpec.js", 28))
Error: Can not send request 'getAllSelectors' because front 'domnode' is already destroyed.: generateRequestMethods/</frontProto[name]@resource://devtools/shared/protocol/Front/FrontClassWithSpec.js:28:15
updateSelectionCssSelectors@resource://devtools/client/inspector/inspector.js:1451:32
onNewSelection@resource://devtools/client/inspector/inspector.js:1522:10
_emit@resource://devtools/shared/event-emitter.js:244:34
emit@resource://devtools/shared/event-emitter.js:190:18
emit@resource://devtools/shared/event-emitter.js:342:18
setNodeFront@resource://devtools/client/framework/selection.js:161:10
onDetached@resource://devtools/client/inspector/inspector.js:1650:20
_emit@resource://devtools/shared/event-emitter.js:244:34
emit@resource://devtools/shared/event-emitter.js:190:18
emit@resource://devtools/shared/event-emitter.js:342:18
_onMutations@resource://devtools/client/framework/selection.js:104:12
_emit@resource://devtools/shared/event-emitter.js:244:34
emit@resource://devtools/shared/event-emitter.js:190:18
emit@resource://devtools/shared/event-emitter.js:342:18
getMutations@resource://devtools/client/fronts/walker.js:311:10

console.error: (new TypeError("container.node.targetFront is null", "resource://devtools/client/inspector/markup/markup.js", 2309))
console.error: (new Error("Protocol error (TypeError): node is null from: server0.conn0.windowGlobal2147483651/pagestyle29 (resource://devtools/server/actors/page-style.js:570:5)", "resource://devtools/shared/protocol/Front.js", 365))
console.error: (new TypeError("parent is null", "resource://devtools/client/inspector/shared/style-change-tracker.js", 67))
TypeError: parent is null: canMutationImpactCurrentStyles@resource://devtools/client/inspector/shared/style-change-tracker.js:67:24
onMutations@resource://devtools/client/inspector/shared/style-change-tracker.js:84:41
_emit@resource://devtools/shared/event-emitter.js:244:34
emit@resource://devtools/shared/event-emitter.js:190:18
emit@resource://devtools/shared/event-emitter.js:342:18
getMutations@resource://devtools/client/fronts/walker.js:311:10

1633686883228	Marionette	INFO	Stopped listening on port 60469
JavaScript error: resource:///modules/Interactions.jsm, line 201: NS_ERROR_FAILURE: Component returned failure code: 0x80004005 (NS_ERROR_FAILURE) [nsIUserIdleService.removeIdleObserver]
console.warn: TopSitesFeed: Failed to fetch data from Contile server: NetworkError when attempting to fetch resource.

###!!! [Parent][RunMessage] Error: Channel closing: too late to send/recv, messages will be lost

1633687558683	geckodriver	INFO	Listening on 127.0.0.1:60750
1633687561763	mozrunner::runner	INFO	Running command: "C:\\Program Files\\Mozilla Firefox\\firefox.exe" "--marionette" "-no-remote" "-profile" "C:\\Users\\ANASAD~1\\AppData\\Local\\Temp\\rust_mozprofile6NuTKC"
1633687562116	Marionette	INFO	Marionette enabled
console.warn: SearchSettings: "get: No settings file exists, new profile?" (new NotFoundError("Could not open the file at C:\\Users\\Anas Adarsh\\AppData\\Local\\Temp\\rust_mozprofile6NuTKC\\search.json.mozlz4", (void 0)))
1633687563945	Marionette	INFO	Listening on port 53767
1633687564444	RemoteAgent	WARN	TLS certificate errors will be ignored for this session
1633687590971	Marionette	INFO	Stopped listening on port 53767
JavaScript error: resource:///modules/Interactions.jsm, line 201: NS_ERROR_FAILURE: Component returned failure code: 0x80004005 (NS_ERROR_FAILURE) [nsIUserIdleService.removeIdleObserver]
console.warn: TopSitesFeed: Failed to fetch data from Contile server: NetworkError when attempting to fetch resource.
1633687637733	geckodriver	INFO	Listening on 127.0.0.1:50062
1633687640807	mozrunner::runner	INFO	Running command: "C:\\Program Files\\Mozilla Firefox\\firefox.exe" "--marionette" "-no-remote" "-profile" "C:\\Users\\ANASAD~1\\AppData\\Local\\Temp\\rust_mozprofileAuiCku"
1633687641166	Marionette	INFO	Marionette enabled
console.warn: SearchSettings: "get: No settings file exists, new profile?" (new NotFoundError("Could not open the file at C:\\Users\\Anas Adarsh\\AppData\\Local\\Temp\\rust_mozprofileAuiCku\\search.json.mozlz4", (void 0)))
1633687643067	Marionette	INFO	Listening on port 56912
1633687643468	RemoteAgent	WARN	TLS certificate errors will be ignored for this session
1633687644522	Marionette	WARN	Ignoring event 'DOMContentLoaded' because document has an invalid readyState of 'complete'.

###!!! [Parent][MessageChannel] Error: (msgtype=0x39008E,name=PContent::Msg_FlushTabState) Channel error: cannot send/recv


###!!! [Parent][MessageChannel] Error: (msgtype=0x230001,name=PBrowser::Msg_AsyncMessage) Channel error: cannot send/recv


###!!! [Parent][MessageChannel] Error: (msgtype=0x390147,name=PContent::Msg_CommitBrowsingContextTransaction) Channel error: cannot send/recv


###!!! [Parent][MessageChannel] Error: (msgtype=0xAB0013,name=PWindowGlobal::Msg_RawMessage) Channel error: cannot send/recv


###!!! [Parent][MessageChannel] Error: (msgtype=0x39002C,name=PContent::Msg_PreferenceUpdate) Channel error: cannot send/recv


###!!! [Parent][MessageChannel] Error: (msgtype=0x39002C,name=PContent::Msg_PreferenceUpdate) Channel error: cannot send/recv


###!!! [Parent][MessageChannel] Error: (msgtype=0x39002C,name=PContent::Msg_PreferenceUpdate) Channel error: cannot send/recv


###!!! [Child][MessageChannel] Error: (msgtype=0x740006,name=PRDD::Msg_PreferenceUpdate) Channel error: cannot send/recv


###!!! [Parent][MessageChannel] Error: (msgtype=0x39002C,name=PContent::Msg_PreferenceUpdate) Channel error: cannot send/recv


###!!! [Parent][MessageChannel] Error: (msgtype=0x39002C,name=PContent::Msg_PreferenceUpdate) Channel error: cannot send/recv


###!!! [Parent][MessageChannel] Error: (msgtype=0x39002C,name=PContent::Msg_PreferenceUpdate) Channel error: cannot send/recv


###!!! [Child][MessageChannel] Error: (msgtype=0x740006,name=PRDD::Msg_PreferenceUpdate) Channel error: cannot send/recv


###!!! [Parent][MessageChannel] Error: (msgtype=0x39002C,name=PContent::Msg_PreferenceUpdate) Channel error: cannot send/recv


###!!! [Parent][MessageChannel] Error: (msgtype=0x39002C,name=PContent::Msg_PreferenceUpdate) Channel error: cannot send/recv


###!!! [Parent][MessageChannel] Error: (msgtype=0x39002C,name=PContent::Msg_PreferenceUpdate) Channel error: cannot send/recv


###!!! [Child][MessageChannel] Error: (msgtype=0x740006,name=PRDD::Msg_PreferenceUpdate) Channel error: cannot send/recv


###!!! [Parent][MessageChannel] Error: (msgtype=0x390040,name=PContent::Msg_UpdateSharedData) Channel error: cannot send/recv


###!!! [Parent][MessageChannel] Error: (msgtype=0x390040,name=PContent::Msg_UpdateSharedData) Channel error: cannot send/recv


###!!! [Parent][MessageChannel] Error: (msgtype=0x390040,name=PContent::Msg_UpdateSharedData) Channel error: cannot send/recv


###!!! [Parent][MessageChannel] Error: (msgtype=0x390147,name=PContent::Msg_CommitBrowsingContextTransaction) Channel error: cannot send/recv


###!!! [Parent][MessageChannel] Error: (msgtype=0xAB0013,name=PWindowGlobal::Msg_RawMessage) Channel error: cannot send/recv


###!!! [Parent][MessageChannel] Error: (msgtype=0x390147,name=PContent::Msg_CommitBrowsingContextTransaction) Channel error: cannot send/recv


###!!! [Parent][MessageChannel] Error: (msgtype=0x390040,name=PContent::Msg_UpdateSharedData) Channel error: cannot send/recv


###!!! [Parent][MessageChannel] Error: (msgtype=0x390040,name=PContent::Msg_UpdateSharedData) Channel error: cannot send/recv


###!!! [Parent][MessageChannel] Error: (msgtype=0x390040,name=PContent::Msg_UpdateSharedData) Channel error: cannot send/recv


###!!! [Parent][MessageChannel] Error: (msgtype=0xAB0013,name=PWindowGlobal::Msg_RawMessage) Channel error: cannot send/recv


###!!! [Parent][MessageChannel] Error: (msgtype=0x39004F,name=PContent::Msg_UnregisterJSWindowActor) Channel error: cannot send/recv


###!!! [Parent][MessageChannel] Error: (msgtype=0x39004F,name=PContent::Msg_UnregisterJSWindowActor) Channel error: cannot send/recv


###!!! [Parent][MessageChannel] Error: (msgtype=0x39004F,name=PContent::Msg_UnregisterJSWindowActor) Channel error: cannot send/recv


###!!! [Parent][MessageChannel] Error: (msgtype=0x39004F,name=PContent::Msg_UnregisterJSWindowActor) Channel error: cannot send/recv


###!!! [Parent][MessageChannel] Error: (msgtype=0x39004F,name=PContent::Msg_UnregisterJSWindowActor) Channel error: cannot send/recv


###!!! [Parent][MessageChannel] Error: (msgtype=0x39004F,name=PContent::Msg_UnregisterJSWindowActor) Channel error: cannot send/recv

console.warn: "Async method failed in safeAsyncMethod" (new Error("Connection closed, pending request to server0.conn0.windowGlobal2147483651/domwalker28, type cancelPick failed\n\nRequest stack:\nrequest@resource://devtools/shared/protocol/Front.js:292:14\ngenerateRequestMethods/</frontProto[name]@resource://devtools/shared/protocol/Front/FrontClassWithSpec.js:46:19\ncancelPick@resource://devtools/client/fronts/walker.js:506:18\nexports.safeAsyncMethod/<@resource://devtools/shared/async-utils.js:61:25\n_onInspectorFrontDestroyed@resource://devtools/client/inspector/node-picker.js:113:18\nstop@resource://devtools/client/inspector/node-picker.js:176:18\n_destroyToolbox@resource://devtools/client/framework/toolbox.js:3734:24\ndestroy@resource://devtools/client/framework/toolbox.js:3672:10\n_forgetBrowserWindow@resource://devtools/client/framework/devtools-browser.js:702:17\nhandleEvent@resource://devtools/client/framework/devtools-browser.js:723:26\n", "resource://devtools/shared/protocol/Front.js", 106))

###!!! [Parent][MessageChannel] Error: (msgtype=0x23005A,name=PBrowser::Msg_UpdateEffects) Channel error: cannot send/recv


###!!! [Parent][MessageChannel] Error: (msgtype=0x39008E,name=PContent::Msg_FlushTabState) Channel error: cannot send/recv


###!!! [Parent][MessageChannel] Error: (msgtype=0x2300A1,name=PBrowser::Msg_Destroy) Channel error: cannot send/recv


###!!! [Child][MessageChannel::SendAndWait] Error: Channel error: cannot send/recv


###!!! [Parent][MessageChannel] Error: (msgtype=0x390148,name=PContent::Msg_AsyncMessage) Channel error: cannot send/recv


###!!! [Parent][MessageChannel] Error: (msgtype=0x390148,name=PContent::Msg_AsyncMessage) Channel error: cannot send/recv


###!!! [Parent][MessageChannel] Error: (msgtype=0x390148,name=PContent::Msg_AsyncMessage) Channel error: cannot send/recv


###!!! [Parent][MessageChannel] Error: (msgtype=0x390148,name=PContent::Msg_AsyncMessage) Channel error: cannot send/recv


###!!! [Parent][MessageChannel] Error: (msgtype=0x390148,name=PContent::Msg_AsyncMessage) Channel error: cannot send/recv


###!!! [Parent][MessageChannel] Error: (msgtype=0x390148,name=PContent::Msg_AsyncMessage) Channel error: cannot send/recv


###!!! [Parent][MessageChannel] Error: (msgtype=0x390148,name=PContent::Msg_AsyncMessage) Channel error: cannot send/recv


###!!! [Parent][MessageChannel] Error: (msgtype=0x390148,name=PContent::Msg_AsyncMessage) Channel error: cannot send/recv


###!!! [Parent][MessageChannel] Error: (msgtype=0x390148,name=PContent::Msg_AsyncMessage) Channel error: cannot send/recv


###!!! [Parent][MessageChannel] Error: (msgtype=0x390148,name=PContent::Msg_AsyncMessage) Channel error: cannot send/recv


###!!! [Parent][MessageChannel] Error: (msgtype=0x390148,name=PContent::Msg_AsyncMessage) Channel error: cannot send/recv


###!!! [Parent][MessageChannel] Error: (msgtype=0x390148,name=PContent::Msg_AsyncMessage) Channel error: cannot send/recv


###!!! [Parent][MessageChannel] Error: (msgtype=0x390021,name=PContent::Msg_RegisterChromeItem) Channel error: cannot send/recv


###!!! [Parent][MessageChannel] Error: (msgtype=0x390021,name=PContent::Msg_RegisterChromeItem) Channel error: cannot send/recv


###!!! [Parent][MessageChannel] Error: (msgtype=0x39008E,name=PContent::Msg_FlushTabState) Channel error: cannot send/recv


###!!! [Parent][MessageChannel] Error: (msgtype=0x2300A1,name=PBrowser::Msg_Destroy) Channel error: cannot send/recv


###!!! [Parent][MessageChannel] Error: (msgtype=0x390148,name=PContent::Msg_AsyncMessage) Channel error: cannot send/recv


###!!! [Parent][MessageChannel] Error: (msgtype=0x390148,name=PContent::Msg_AsyncMessage) Channel error: cannot send/recv


###!!! [Parent][MessageChannel] Error: (msgtype=0x390148,name=PContent::Msg_AsyncMessage) Channel error: cannot send/recv


###!!! [Parent][MessageChannel] Error: (msgtype=0x390148,name=PContent::Msg_AsyncMessage) Channel error: cannot send/recv


###!!! [Parent][MessageChannel] Error: (msgtype=0x390148,name=PContent::Msg_AsyncMessage) Channel error: cannot send/recv


###!!! [Parent][MessageChannel] Error: (msgtype=0x390148,name=PContent::Msg_AsyncMessage) Channel error: cannot send/recv


###!!! [Parent][MessageChannel] Error: (msgtype=0x39008E,name=PContent::Msg_FlushTabState) Channel error: cannot send/recv


###!!! [Parent][MessageChannel] Error: (msgtype=0x2300A1,name=PBrowser::Msg_Destroy) Channel error: cannot send/recv


###!!! [Parent][MessageChannel] Error: (msgtype=0x390148,name=PContent::Msg_AsyncMessage) Channel error: cannot send/recv


###!!! [Parent][MessageChannel] Error: (msgtype=0x390148,name=PContent::Msg_AsyncMessage) Channel error: cannot send/recv


###!!! [Parent][MessageChannel] Error: (msgtype=0x390148,name=PContent::Msg_AsyncMessage) Channel error: cannot send/recv


###!!! [Parent][MessageChannel] Error: (msgtype=0x390148,name=PContent::Msg_AsyncMessage) Channel error: cannot send/recv


###!!! [Parent][MessageChannel] Error: (msgtype=0x390148,name=PContent::Msg_AsyncMessage) Channel error: cannot send/recv


###!!! [Parent][MessageChannel] Error: (msgtype=0x390148,name=PContent::Msg_AsyncMessage) Channel error: cannot send/recv


###!!! [Parent][MessageChannel] Error: (msgtype=0x39008E,name=PContent::Msg_FlushTabState) Channel error: cannot send/recv


###!!! [Parent][MessageChannel] Error: (msgtype=0x2300A1,name=PBrowser::Msg_Destroy) Channel error: cannot send/recv


###!!! [Parent][MessageChannel] Error: (msgtype=0x390148,name=PContent::Msg_AsyncMessage) Channel error: cannot send/recv


###!!! [Parent][MessageChannel] Error: (msgtype=0x390148,name=PContent::Msg_AsyncMessage) Channel error: cannot send/recv


###!!! [Parent][MessageChannel] Error: (msgtype=0x390148,name=PContent::Msg_AsyncMessage) Channel error: cannot send/recv


###!!! [Parent][MessageChannel] Error: (msgtype=0x390148,name=PContent::Msg_AsyncMessage) Channel error: cannot send/recv


###!!! [Parent][MessageChannel] Error: (msgtype=0x390148,name=PContent::Msg_AsyncMessage) Channel error: cannot send/recv


###!!! [Parent][MessageChannel] Error: (msgtype=0x390148,name=PContent::Msg_AsyncMessage) Channel error: cannot send/recv


###!!! [Parent][MessageChannel] Error: (msgtype=0x390148,name=PContent::Msg_AsyncMessage) Channel error: cannot send/recv


###!!! [Parent][MessageChannel] Error: (msgtype=0x390148,name=PContent::Msg_AsyncMessage) Channel error: cannot send/recv


###!!! [Parent][MessageChannel] Error: (msgtype=0x390148,name=PContent::Msg_AsyncMessage) Channel error: cannot send/recv


###!!! [Parent][MessageChannel] Error: (msgtype=0x390148,name=PContent::Msg_AsyncMessage) Channel error: cannot send/recv


###!!! [Parent][MessageChannel] Error: (msgtype=0x390148,name=PContent::Msg_AsyncMessage) Channel error: cannot send/recv


###!!! [Parent][MessageChannel] Error: (msgtype=0x390148,name=PContent::Msg_AsyncMessage) Channel error: cannot send/recv


###!!! [Parent][MessageChannel] Error: (msgtype=0x39008E,name=PContent::Msg_FlushTabState) Channel error: cannot send/recv


###!!! [Parent][MessageChannel] Error: (msgtype=0x2300A1,name=PBrowser::Msg_Destroy) Channel error: cannot send/recv


###!!! [Parent][MessageChannel] Error: (msgtype=0x390148,name=PContent::Msg_AsyncMessage) Channel error: cannot send/recv


###!!! [Parent][MessageChannel] Error: (msgtype=0x390148,name=PContent::Msg_AsyncMessage) Channel error: cannot send/recv


###!!! [Parent][MessageChannel] Error: (msgtype=0x390148,name=PContent::Msg_AsyncMessage) Channel error: cannot send/recv


###!!! [Parent][MessageChannel] Error: (msgtype=0x390148,name=PContent::Msg_AsyncMessage) Channel error: cannot send/recv


###!!! [Parent][MessageChannel] Error: (msgtype=0x390148,name=PContent::Msg_AsyncMessage) Channel error: cannot send/recv


###!!! [Parent][MessageChannel] Error: (msgtype=0x390148,name=PContent::Msg_AsyncMessage) Channel error: cannot send/recv


###!!! [Parent][MessageChannel] Error: (msgtype=0x390148,name=PContent::Msg_AsyncMessage) Channel error: cannot send/recv


###!!! [Parent][MessageChannel] Error: (msgtype=0x390148,name=PContent::Msg_AsyncMessage) Channel error: cannot send/recv


###!!! [Parent][MessageChannel] Error: (msgtype=0x390148,name=PContent::Msg_AsyncMessage) Channel error: cannot send/recv


###!!! [Parent][MessageChannel] Error: (msgtype=0x390148,name=PContent::Msg_AsyncMessage) Channel error: cannot send/recv


###!!! [Parent][MessageChannel] Error: (msgtype=0x390148,name=PContent::Msg_AsyncMessage) Channel error: cannot send/recv


###!!! [Parent][MessageChannel] Error: (msgtype=0x390148,name=PContent::Msg_AsyncMessage) Channel error: cannot send/recv


###!!! [Parent][MessageChannel] Error: (msgtype=0x390148,name=PContent::Msg_AsyncMessage) Channel error: cannot send/recv


###!!! [Parent][MessageChannel] Error: (msgtype=0x390148,name=PContent::Msg_AsyncMessage) Channel error: cannot send/recv


###!!! [Parent][MessageChannel] Error: (msgtype=0x390148,name=PContent::Msg_AsyncMessage) Channel error: cannot send/recv


###!!! [Parent][MessageChannel] Error: (msgtype=0x390148,name=PContent::Msg_AsyncMessage) Channel error: cannot send/recv


###!!! [Parent][MessageChannel] Error: (msgtype=0x390148,name=PContent::Msg_AsyncMessage) Channel error: cannot send/recv


###!!! [Parent][MessageChannel] Error: (msgtype=0x390148,name=PContent::Msg_AsyncMessage) Channel error: cannot send/recv


###!!! [Parent][MessageChannel] Error: (msgtype=0x390148,name=PContent::Msg_AsyncMessage) Channel error: cannot send/recv


###!!! [Parent][MessageChannel] Error: (msgtype=0x390148,name=PContent::Msg_AsyncMessage) Channel error: cannot send/recv


###!!! [Parent][MessageChannel] Error: (msgtype=0x390148,name=PContent::Msg_AsyncMessage) Channel error: cannot send/recv


###!!! [Parent][MessageChannel] Error: (msgtype=0x390148,name=PContent::Msg_AsyncMessage) Channel error: cannot send/recv


###!!! [Parent][MessageChannel] Error: (msgtype=0x390148,name=PContent::Msg_AsyncMessage) Channel error: cannot send/recv


###!!! [Parent][MessageChannel] Error: (msgtype=0x390148,name=PContent::Msg_AsyncMessage) Channel error: cannot send/recv


###!!! [Parent][MessageChannel] Error: (msgtype=0x390148,name=PContent::Msg_AsyncMessage) Channel error: cannot send/recv


###!!! [Parent][MessageChannel] Error: (msgtype=0x390148,name=PContent::Msg_AsyncMessage) Channel error: cannot send/recv


###!!! [Parent][MessageChannel] Error: (msgtype=0x390148,name=PContent::Msg_AsyncMessage) Channel error: cannot send/recv


###!!! [Child][MessageChannel] Error: (msgtype=0x520014,name=PGPU::Msg_RemoveLayerTreeIdMapping) Channel error: cannot send/recv

JavaScript error: resource:///modules/sessionstore/SessionStore.jsm, line 2072: TypeError: subject.QueryInterface is not a function
A content process crashed and MOZ_CRASHREPORTER_SHUTDOWN is set, shutting down

###!!! [Parent][MessageChannel] Error: (msgtype=0x390148,name=PContent::Msg_AsyncMessage) Channel error: cannot send/recv


###!!! [Parent][MessageChannel] Error: (msgtype=0x390148,name=PContent::Msg_AsyncMessage) Channel error: cannot send/recv


###!!! [Parent][MessageChannel] Error: (msgtype=0x39002C,name=PContent::Msg_PreferenceUpdate) Channel error: cannot send/recv


###!!! [Child][MessageChannel] Error: (msgtype=0x52000D,name=PGPU::Msg_PreferenceUpdate) Channel error: cannot send/recv


###!!! [Child][MessageChannel] Error: (msgtype=0x740006,name=PRDD::Msg_PreferenceUpdate) Channel error: cannot send/recv


###!!! [Parent][MessageChannel] Error: (msgtype=0x39002C,name=PContent::Msg_PreferenceUpdate) Channel error: cannot send/recv


###!!! [Child][MessageChannel] Error: (msgtype=0x52000D,name=PGPU::Msg_PreferenceUpdate) Channel error: cannot send/recv


###!!! [Child][MessageChannel] Error: (msgtype=0x740006,name=PRDD::Msg_PreferenceUpdate) Channel error: cannot send/recv


###!!! [Parent][MessageChannel] Error: (msgtype=0x39002C,name=PContent::Msg_PreferenceUpdate) Channel error: cannot send/recv


###!!! [Child][MessageChannel] Error: (msgtype=0x52000D,name=PGPU::Msg_PreferenceUpdate) Channel error: cannot send/recv


###!!! [Child][MessageChannel] Error: (msgtype=0x740006,name=PRDD::Msg_PreferenceUpdate) Channel error: cannot send/recv


###!!! [Parent][MessageChannel] Error: (msgtype=0x39002C,name=PContent::Msg_PreferenceUpdate) Channel error: cannot send/recv


###!!! [Child][MessageChannel] Error: (msgtype=0x52000D,name=PGPU::Msg_PreferenceUpdate) Channel error: cannot send/recv


###!!! [Child][MessageChannel] Error: (msgtype=0x740006,name=PRDD::Msg_PreferenceUpdate) Channel error: cannot send/recv


###!!! [Parent][MessageChannel] Error: (msgtype=0x39002C,name=PContent::Msg_PreferenceUpdate) Channel error: cannot send/recv


###!!! [Child][MessageChannel] Error: (msgtype=0x52000D,name=PGPU::Msg_PreferenceUpdate) Channel error: cannot send/recv


###!!! [Child][MessageChannel] Error: (msgtype=0x740006,name=PRDD::Msg_PreferenceUpdate) Channel error: cannot send/recv


###!!! [Parent][MessageChannel] Error: (msgtype=0x39002C,name=PContent::Msg_PreferenceUpdate) Channel error: cannot send/recv


###!!! [Child][MessageChannel] Error: (msgtype=0x52000D,name=PGPU::Msg_PreferenceUpdate) Channel error: cannot send/recv


###!!! [Child][MessageChannel] Error: (msgtype=0x740006,name=PRDD::Msg_PreferenceUpdate) Channel error: cannot send/recv


###!!! [Parent][MessageChannel] Error: (msgtype=0x39002C,name=PContent::Msg_PreferenceUpdate) Channel error: cannot send/recv


###!!! [Child][MessageChannel] Error: (msgtype=0x52000D,name=PGPU::Msg_PreferenceUpdate) Channel error: cannot send/recv


###!!! [Child][MessageChannel] Error: (msgtype=0x740006,name=PRDD::Msg_PreferenceUpdate) Channel error: cannot send/recv


###!!! [Parent][MessageChannel] Error: (msgtype=0x39002C,name=PContent::Msg_PreferenceUpdate) Channel error: cannot send/recv


###!!! [Child][MessageChannel] Error: (msgtype=0x52000D,name=PGPU::Msg_PreferenceUpdate) Channel error: cannot send/recv


###!!! [Child][MessageChannel] Error: (msgtype=0x740006,name=PRDD::Msg_PreferenceUpdate) Channel error: cannot send/recv


###!!! [Parent][MessageChannel] Error: (msgtype=0x39002C,name=PContent::Msg_PreferenceUpdate) Channel error: cannot send/recv


###!!! [Child][MessageChannel] Error: (msgtype=0x52000D,name=PGPU::Msg_PreferenceUpdate) Channel error: cannot send/recv


###!!! [Child][MessageChannel] Error: (msgtype=0x740006,name=PRDD::Msg_PreferenceUpdate) Channel error: cannot send/recv


###!!! [Parent][MessageChannel] Error: (msgtype=0x39002C,name=PContent::Msg_PreferenceUpdate) Channel error: cannot send/recv


###!!! [Child][MessageChannel] Error: (msgtype=0x52000D,name=PGPU::Msg_PreferenceUpdate) Channel error: cannot send/recv


###!!! [Child][MessageChannel] Error: (msgtype=0x740006,name=PRDD::Msg_PreferenceUpdate) Channel error: cannot send/recv


###!!! [Parent][MessageChannel] Error: (msgtype=0x39002C,name=PContent::Msg_PreferenceUpdate) Channel error: cannot send/recv


###!!! [Child][MessageChannel] Error: (msgtype=0x52000D,name=PGPU::Msg_PreferenceUpdate) Channel error: cannot send/recv


###!!! [Child][MessageChannel] Error: (msgtype=0x740006,name=PRDD::Msg_PreferenceUpdate) Channel error: cannot send/recv


###!!! [Parent][MessageChannel] Error: (msgtype=0x39002C,name=PContent::Msg_PreferenceUpdate) Channel error: cannot send/recv


###!!! [Child][MessageChannel] Error: (msgtype=0x52000D,name=PGPU::Msg_PreferenceUpdate) Channel error: cannot send/recv


###!!! [Child][MessageChannel] Error: (msgtype=0x740006,name=PRDD::Msg_PreferenceUpdate) Channel error: cannot send/recv


###!!! [Parent][MessageChannel] Error: (msgtype=0x39002C,name=PContent::Msg_PreferenceUpdate) Channel error: cannot send/recv


###!!! [Child][MessageChannel] Error: (msgtype=0x52000D,name=PGPU::Msg_PreferenceUpdate) Channel error: cannot send/recv


###!!! [Child][MessageChannel] Error: (msgtype=0x740006,name=PRDD::Msg_PreferenceUpdate) Channel error: cannot send/recv


###!!! [Parent][MessageChannel] Error: (msgtype=0x39002C,name=PContent::Msg_PreferenceUpdate) Channel error: cannot send/recv


###!!! [Child][MessageChannel] Error: (msgtype=0x52000D,name=PGPU::Msg_PreferenceUpdate) Channel error: cannot send/recv


###!!! [Child][MessageChannel] Error: (msgtype=0x740006,name=PRDD::Msg_PreferenceUpdate) Channel error: cannot send/recv


###!!! [Parent][MessageChannel] Error: (msgtype=0x39002C,name=PContent::Msg_PreferenceUpdate) Channel error: cannot send/recv


###!!! [Child][MessageChannel] Error: (msgtype=0x52000D,name=PGPU::Msg_PreferenceUpdate) Channel error: cannot send/recv


###!!! [Child][MessageChannel] Error: (msgtype=0x740006,name=PRDD::Msg_PreferenceUpdate) Channel error: cannot send/recv


###!!! [Parent][MessageChannel] Error: (msgtype=0x39002C,name=PContent::Msg_PreferenceUpdate) Channel error: cannot send/recv


###!!! [Child][MessageChannel] Error: (msgtype=0x52000D,name=PGPU::Msg_PreferenceUpdate) Channel error: cannot send/recv


###!!! [Child][MessageChannel] Error: (msgtype=0x740006,name=PRDD::Msg_PreferenceUpdate) Channel error: cannot send/recv


###!!! [Parent][MessageChannel] Error: (msgtype=0x39002C,name=PContent::Msg_PreferenceUpdate) Channel error: cannot send/recv


###!!! [Child][MessageChannel] Error: (msgtype=0x52000D,name=PGPU::Msg_PreferenceUpdate) Channel error: cannot send/recv


###!!! [Child][MessageChannel] Error: (msgtype=0x740006,name=PRDD::Msg_PreferenceUpdate) Channel error: cannot send/recv


###!!! [Parent][MessageChannel] Error: (msgtype=0x39002C,name=PContent::Msg_PreferenceUpdate) Channel error: cannot send/recv


###!!! [Child][MessageChannel] Error: (msgtype=0x52000D,name=PGPU::Msg_PreferenceUpdate) Channel error: cannot send/recv


###!!! [Child][MessageChannel] Error: (msgtype=0x740006,name=PRDD::Msg_PreferenceUpdate) Channel error: cannot send/recv


###!!! [Parent][MessageChannel] Error: (msgtype=0x39002C,name=PContent::Msg_PreferenceUpdate) Channel error: cannot send/recv


###!!! [Child][MessageChannel] Error: (msgtype=0x52000D,name=PGPU::Msg_PreferenceUpdate) Channel error: cannot send/recv


###!!! [Child][MessageChannel] Error: (msgtype=0x740006,name=PRDD::Msg_PreferenceUpdate) Channel error: cannot send/recv


###!!! [Parent][MessageChannel] Error: (msgtype=0x39002C,name=PContent::Msg_PreferenceUpdate) Channel error: cannot send/recv


###!!! [Child][MessageChannel] Error: (msgtype=0x52000D,name=PGPU::Msg_PreferenceUpdate) Channel error: cannot send/recv


###!!! [Child][MessageChannel] Error: (msgtype=0x740006,name=PRDD::Msg_PreferenceUpdate) Channel error: cannot send/recv


###!!! [Parent][MessageChannel] Error: (msgtype=0x39002C,name=PContent::Msg_PreferenceUpdate) Channel error: cannot send/recv


###!!! [Child][MessageChannel] Error: (msgtype=0x52000D,name=PGPU::Msg_PreferenceUpdate) Channel error: cannot send/recv


###!!! [Child][MessageChannel] Error: (msgtype=0x740006,name=PRDD::Msg_PreferenceUpdate) Channel error: cannot send/recv


###!!! [Parent][MessageChannel] Error: (msgtype=0x39002C,name=PContent::Msg_PreferenceUpdate) Channel error: cannot send/recv


###!!! [Child][MessageChannel] Error: (msgtype=0x52000D,name=PGPU::Msg_PreferenceUpdate) Channel error: cannot send/recv


###!!! [Child][MessageChannel] Error: (msgtype=0x740006,name=PRDD::Msg_PreferenceUpdate) Channel error: cannot send/recv


###!!! [Parent][MessageChannel] Error: (msgtype=0x39002C,name=PContent::Msg_PreferenceUpdate) Channel error: cannot send/recv


###!!! [Child][MessageChannel] Error: (msgtype=0x52000D,name=PGPU::Msg_PreferenceUpdate) Channel error: cannot send/recv


###!!! [Child][MessageChannel] Error: (msgtype=0x740006,name=PRDD::Msg_PreferenceUpdate) Channel error: cannot send/recv


###!!! [Parent][MessageChannel] Error: (msgtype=0x39002C,name=PContent::Msg_PreferenceUpdate) Channel error: cannot send/recv


###!!! [Child][MessageChannel] Error: (msgtype=0x52000D,name=PGPU::Msg_PreferenceUpdate) Channel error: cannot send/recv


###!!! [Child][MessageChannel] Error: (msgtype=0x740006,name=PRDD::Msg_PreferenceUpdate) Channel error: cannot send/recv

1633687811852	Marionette	INFO	Stopped listening on port 56912

###!!! [Child][MessageChannel] Error: (msgtype=0x520014,name=PGPU::Msg_RemoveLayerTreeIdMapping) Channel error: cannot send/recv


###!!! [Child][MessageChannel] Error: (msgtype=0x520014,name=PGPU::Msg_RemoveLayerTreeIdMapping) Channel error: cannot send/recv


###!!! [Child][MessageChannel] Error: (msgtype=0x520014,name=PGPU::Msg_RemoveLayerTreeIdMapping) Channel error: cannot send/recv


###!!! [Child][MessageChannel] Error: (msgtype=0x520014,name=PGPU::Msg_RemoveLayerTreeIdMapping) Channel error: cannot send/recv

A content process crashed and MOZ_CRASHREPORTER_SHUTDOWN is set, shutting down

###!!! [Child][MessageChannel] Error: (msgtype=0x370004,name=PCompositorManager::Msg_RemoveSharedSurface) Channel error: cannot send/recv


###!!! [Child][MessageChannel] Error: (msgtype=0x370004,name=PCompositorManager::Msg_RemoveSharedSurface) Channel error: cannot send/recv


###!!! [Child][MessageChannel] Error: (msgtype=0xA60026,name=PWebRenderBridge::Msg_Shutdown) Channel error: cannot send/recv


###!!! [Child][MessageChannel::SendAndWait] Error: (msgtype=0x360014,name=PCompositorBridge::Msg_WillClose) Channel error: cannot send/recv

[GFX1-]: Receive IPC close with reason=AbnormalShutdown
[GFX1-]: Receive IPC close with reason=AbnormalShutdown
[Parent 11056, IPC I/O Parent] WARNING: file /builds/worker/checkouts/gecko/ipc/chromium/src/base/process_util_win.cc:167
[Parent 11056, IPC I/O Parent] WARNING: file /builds/worker/checkouts/gecko/ipc/chromium/src/base/process_util_win.cc:167
A content process crashed and MOZ_CRASHREPORTER_SHUTDOWN is set, shutting down
JavaScript error: resource:///modules/Interactions.jsm, line 201: NS_ERROR_FAILURE: Component returned failure code: 0x80004005 (NS_ERROR_FAILURE) [nsIUserIdleService.removeIdleObserver]
JavaScript error: , line 0: AbortError: Actor 'Conduits' destroyed before query 'RunListener' was resolved
[Parent 11056, IPC I/O Parent] WARNING: file /builds/worker/checkouts/gecko/ipc/chromium/src/base/process_util_win.cc:167
console.warn: TopSitesFeed: Failed to fetch data from Contile server: NetworkError when attempting to fetch resource.

###!!! [Parent][MessageChannel] Error: (msgtype=0x520034,name=PGPU::Msg_UpdateMediaCodecsSupported) Channel error: cannot send/recv


###!!! [Parent][RunMessage] Error: Channel error: cannot send/recv


###!!! [Parent][RunMessage] Error: Channel error: cannot send/recv


###!!! [Parent][RunMessage] Error: Channel error: cannot send/recv


###!!! [Parent][RunMessage] Error: Channel error: cannot send/recv

1633687829512	geckodriver	INFO	Listening on 127.0.0.1:52226
1633687832579	mozrunner::runner	INFO	Running command: "C:\\Program Files\\Mozilla Firefox\\firefox.exe" "--marionette" "-no-remote" "-profile" "C:\\Users\\ANASAD~1\\AppData\\Local\\Temp\\rust_mozprofileyEGdTl"
1633687832936	Marionette	INFO	Marionette enabled
console.warn: SearchSettings: "get: No settings file exists, new profile?" (new NotFoundError("Could not open the file at C:\\Users\\Anas Adarsh\\AppData\\Local\\Temp\\rust_mozprofileyEGdTl\\search.json.mozlz4", (void 0)))
1633687835211	Marionette	INFO	Listening on port 59921
1633687835278	RemoteAgent	WARN	TLS certificate errors will be ignored for this session
1633687836186	Marionette	WARN	Ignoring event 'DOMContentLoaded' because document has an invalid readyState of 'complete'.
console.warn: LoginRecipes: "getRecipes: falling back to a synchronous message for:" "https://app.treasure.cloud"
1633688065439	Marionette	INFO	Stopped listening on port 59921
JavaScript error: resource:///modules/Interactions.jsm, line 201: NS_ERROR_FAILURE: Component returned failure code: 0x80004005 (NS_ERROR_FAILURE) [nsIUserIdleService.removeIdleObserver]
1633688094468	geckodriver	INFO	Listening on 127.0.0.1:60118
1633688097519	mozrunner::runner	INFO	Running command: "C:\\Program Files\\Mozilla Firefox\\firefox.exe" "--marionette" "-no-remote" "-profile" "C:\\Users\\ANASAD~1\\AppData\\Local\\Temp\\rust_mozprofilefuH2Bc"
1633688097880	Marionette	INFO	Marionette enabled
console.warn: SearchSettings: "get: No settings file exists, new profile?" (new NotFoundError("Could not open the file at C:\\Users\\Anas Adarsh\\AppData\\Local\\Temp\\rust_mozprofilefuH2Bc\\search.json.mozlz4", (void 0)))
1633688099786	Marionette	INFO	Listening on port 62859
1633688100183	RemoteAgent	WARN	TLS certificate errors will be ignored for this session
1633688159781	Marionette	INFO	Stopped listening on port 62859
JavaScript error: resource:///modules/Interactions.jsm, line 201: NS_ERROR_FAILURE: Component returned failure code: 0x80004005 (NS_ERROR_FAILURE) [nsIUserIdleService.removeIdleObserver]
console.warn: TopSitesFeed: Failed to fetch data from Contile server: NetworkError when attempting to fetch resource.

###!!! [Parent][RunMessage] Error: Channel closing: too late to send/recv, messages will be lost

